2018-12-13T19:32:01.984Z - [32minfo[39m: Configuration Loaded default configuration from /usr/lib/node_modules/pm2-web/server/components/../../config.json
2018-12-13T19:32:01.990Z - [32minfo[39m: Configuration Final configuration: {
  "www": {
    "host": "localhost",
    "address": "0.0.0.0",
    "port": 9000,
    "authentication": {
      "enabled": false,
      "username": "a_user_name",
      "password": "**** LA LA LA, NOTHING TO SEE HERE ****"
    },
    "ssl": {
      "enabled": false,
      "upgrade": true,
      "port": 9001,
      "passphrase": "**** LA LA LA, NOTHING TO SEE HERE ****",
      "key": "/path/to/key/file",
      "certificate": "/path/to/certificate/file"
    }
  },
  "ws": {
    "frequency": 500
  },
  "pm2": [
    {
      "host": "localhost",
      "rpc": "/root/.pm2/rpc.sock",
      "events": "/root/.pm2/pub.sock"
    }
  ],
  "updateFrequency": 5000,
  "forceHardReload": false,
  "logs": {
    "max": 1000
  },
  "hostPurge": {
    "frequency": 10000,
    "cutoff": 60000
  },
  "graph": {
    "datapoints": 1000,
    "distribution": [
      40,
      25,
      10,
      10,
      5
    ]
  },
  "mdns": {
    "enabled": false,
    "name": "pm2"
  },
  "requiredPm2Version": "0.11.0"
}
2018-12-13T19:32:02.020Z - [32minfo[39m: Express server listening on 0.0.0.0:9000
2018-12-13T19:32:02.033Z - [32minfo[39m: PM2Listener localhost RPC socket ready
2018-12-13T19:32:02.033Z - [32minfo[39m: PM2Listener Querying version number from localhost
2018-12-13T19:32:02.039Z - [32minfo[39m: PM2Listener localhost is running pm2 3.2.2
[0mGET /js/vendor/angular/angular.js [36m304 [0m7.998 ms - -[0m
[0mGET /css/reset.css [36m304 [0m2.394 ms - -[0m
[0mGET /css/bootstrap.css [36m304 [0m2.474 ms - -[0m
[0mGET /css/style.css [36m304 [0m1.977 ms - -[0m
[0mGET /js/vendor/angular/angular-route.js [36m304 [0m2.050 ms - -[0m
[0mGET /js/vendor/angular/angular-sanitize.js [36m304 [0m2.071 ms - -[0m
[0mGET /js/vendor/bootstrap/ui-bootstrap-tpls-0.7.0.min.js [36m304 [0m0.463 ms - -[0m
[0mGET /js/vendor/reconnecting-websocket/reconnecting-websocket.min.js [36m304 [0m0.537 ms - -[0m
[0mGET /js/vendor/highcharts-ng/highcharts-ng.min.js [36m304 [0m2.674 ms - -[0m
[0mGET /js/monitor.js [36m304 [0m2.380 ms - -[0m
[0mGET /js/vendor/highcharts/highcharts-all.js [36m304 [0m2.510 ms - -[0m
[0mGET /css/font-awesome.min.css [36m304 [0m0.934 ms - -[0m
[0mGET /js/partials/host.html [36m304 [0m0.670 ms - -[0m
[0mGET /js/partials/connecting.html [36m304 [0m0.580 ms - -[0m
[0mGET /img/satinweave.png [36m304 [0m0.789 ms - -[0m
[0mGET /img/logo.png [36m304 [0m0.455 ms - -[0m
[0mGET /font/fontawesome-webfont.woff?v=3.2.1 [36m304 [0m1.057 ms - -[0m
[0mGET /img/favicon.png [36m304 [0m0.525 ms - -[0m
[0mGET /js/vendor/angular/angular.js [36m304 [0m2.860 ms - -[0m
[0mGET /js/vendor/angular/angular-route.js [36m304 [0m2.837 ms - -[0m
[0mGET /js/vendor/angular/angular-sanitize.js [36m304 [0m2.741 ms - -[0m
[0mGET /js/vendor/bootstrap/ui-bootstrap-tpls-0.7.0.min.js [36m304 [0m6.694 ms - -[0m
[0mGET /js/vendor/reconnecting-websocket/reconnecting-websocket.min.js [36m304 [0m4.185 ms - -[0m
[0mGET /js/vendor/highcharts/highcharts-all.js [36m304 [0m4.650 ms - -[0m
[0mGET /css/reset.css [36m304 [0m2.157 ms - -[0m
[0mGET /css/bootstrap.css [36m304 [0m2.359 ms - -[0m
[0mGET /js/vendor/highcharts-ng/highcharts-ng.min.js [36m304 [0m2.625 ms - -[0m
[0mGET /css/style.css [36m304 [0m2.689 ms - -[0m
[0mGET /js/monitor.js [36m304 [0m3.041 ms - -[0m
[0mGET /css/font-awesome.min.css [36m304 [0m0.661 ms - -[0m
[0mGET /js/partials/host.html [36m304 [0m0.688 ms - -[0m
[0mGET /img/satinweave.png [36m304 [0m1.064 ms - -[0m
[0mGET /js/partials/connecting.html [36m304 [0m0.829 ms - -[0m
[0mGET /img/logo.png [36m304 [0m1.255 ms - -[0m
[0mGET /font/fontawesome-webfont.woff?v=3.2.1 [36m304 [0m0.536 ms - -[0m
[0mGET /img/favicon.png [36m304 [0m0.481 ms - -[0m
[0mGET /js/vendor/angular/angular.js [36m304 [0m1.566 ms - -[0m
[0mGET /js/vendor/angular/angular-route.js [36m304 [0m1.237 ms - -[0m
[0mGET /js/vendor/angular/angular-sanitize.js [36m304 [0m1.285 ms - -[0m
[0mGET /js/vendor/bootstrap/ui-bootstrap-tpls-0.7.0.min.js [36m304 [0m0.819 ms - -[0m
[0mGET /js/vendor/reconnecting-websocket/reconnecting-websocket.min.js [36m304 [0m0.778 ms - -[0m
[0mGET /js/vendor/highcharts/highcharts-all.js [36m304 [0m1.712 ms - -[0m
[0mGET /css/bootstrap.css [36m304 [0m2.838 ms - -[0m
[0mGET /css/reset.css [36m304 [0m2.221 ms - -[0m
[0mGET /css/style.css [36m304 [0m2.238 ms - -[0m
[0mGET /js/vendor/highcharts-ng/highcharts-ng.min.js [36m304 [0m0.694 ms - -[0m
[0mGET /js/monitor.js [36m304 [0m0.729 ms - -[0m
[0mGET /css/font-awesome.min.css [36m304 [0m0.704 ms - -[0m
[0mGET /js/partials/connecting.html [36m304 [0m0.751 ms - -[0m
[0mGET /img/satinweave.png [36m304 [0m0.617 ms - -[0m
[0mGET /img/logo.png [36m304 [0m0.330 ms - -[0m
[0mGET /js/partials/host.html [36m304 [0m0.804 ms - -[0m
[0mGET /img/favicon.png [32m200 [0m6.307 ms - 5109[0m
[0mGET /img/favicon.png [36m304 [0m0.910 ms - -[0m
[0mGET /font/fontawesome-webfont.woff?v=3.2.1 [36m304 [0m0.652 ms - -[0m
[0mGET /css/reset.css [36m304 [0m0.727 ms - -[0m
[0mGET /css/bootstrap.css [36m304 [0m1.173 ms - -[0m
[0mGET /css/style.css [36m304 [0m1.873 ms - -[0m
[0mGET /css/font-awesome.min.css [36m304 [0m1.084 ms - -[0m
[0mGET /js/vendor/angular/angular-route.js [32m200 [0m1.695 ms - 31292[0m
[0mGET /js/vendor/angular/angular-sanitize.js [32m200 [0m2.332 ms - 19990[0m
[0mGET /js/vendor/bootstrap/ui-bootstrap-tpls-0.7.0.min.js [32m200 [0m2.324 ms - 51488[0m
[0mGET /js/vendor/reconnecting-websocket/reconnecting-websocket.min.js [32m200 [0m0.956 ms - 1788[0m
[0mGET /js/vendor/angular/angular.js [32m200 [0m9.192 ms - 716215[0m
[0mGET /js/vendor/highcharts-ng/highcharts-ng.min.js [32m200 [0m0.780 ms - 3341[0m
[0mGET /js/vendor/highcharts/highcharts-all.js [32m200 [0m0.752 ms - 185744[0m
[0mGET /js/monitor.js [32m200 [0m0.854 ms - 254030[0m
[0mGET /css/reset.css [32m200 [0m0.885 ms - 1092[0m
[0mGET /css/style.css [32m200 [0m1.640 ms - 9580[0m
[0mGET /css/bootstrap.css [32m200 [0m1.679 ms - 124228[0m
[0mGET /js/partials/connecting.html [32m200 [0m1.016 ms - 107[0m
[0mGET /css/font-awesome.min.css [32m200 [0m0.724 ms - 22084[0m
[0mGET /img/satinweave.png [32m200 [0m1.824 ms - 137[0m
[0mGET /img/logo@2x.png [32m200 [0m2.011 ms - 18194[0m
[0mGET /img/favicon.png [32m200 [0m1.591 ms - 5109[0m
[0mGET /js/partials/host.html [32m200 [0m0.775 ms - 5006[0m
[0mGET /font/fontawesome-webfont.woff?v=3.2.1 [32m200 [0m0.933 ms - 43572[0m
[0mGET /js/vendor/angular/angular.js [36m304 [0m3.563 ms - -[0m
[0mGET /css/reset.css [36m304 [0m0.959 ms - -[0m
[0mGET /css/style.css [36m304 [0m0.794 ms - -[0m
[0mGET /css/bootstrap.css [36m304 [0m0.963 ms - -[0m
[0mGET /js/vendor/angular/angular-route.js [36m304 [0m0.797 ms - -[0m
[0mGET /js/vendor/angular/angular-sanitize.js [36m304 [0m0.819 ms - -[0m
[0mGET /js/vendor/bootstrap/ui-bootstrap-tpls-0.7.0.min.js [36m304 [0m1.393 ms - -[0m
[0mGET /js/vendor/reconnecting-websocket/reconnecting-websocket.min.js [36m304 [0m1.101 ms - -[0m
[0mGET /js/vendor/highcharts/highcharts-all.js [36m304 [0m1.111 ms - -[0m
[0mGET /js/vendor/highcharts-ng/highcharts-ng.min.js [36m304 [0m0.888 ms - -[0m
[0mGET /js/monitor.js [36m304 [0m0.922 ms - -[0m
[0mGET /css/font-awesome.min.css [36m304 [0m1.120 ms - -[0m
[0mGET /js/partials/host.html [36m304 [0m0.763 ms - -[0m
[0mGET /js/partials/connecting.html [36m304 [0m0.654 ms - -[0m
[0mGET /img/satinweave.png [36m304 [0m3.382 ms - -[0m
[0mGET /img/logo.png [36m304 [0m2.688 ms - -[0m
[0mGET /font/fontawesome-webfont.woff?v=3.2.1 [36m304 [0m0.537 ms - -[0m
